<?xml version="1.0" encoding="UTF-8"?>
<!-- Generated by org.testng.reporters.JUnitReportReporter -->
<testsuite hostname="NB-DURELLI10" failures="0" tests="1" name="gaclickacademy.AppTest" time="0.006" errors="0" timestamp="8 Mar 2021 11:12:20 GMT">
  <testcase classname="gaclickacademy.AppTest" name="testApp" time="0.006"/>
</testsuite> <!-- gaclickacademy.AppTest -->
